<?xml version="1.0" encoding="UTF-8"?>
<coverage generated="1530624678288" clover="3.2.0">
  <project timestamp="1530624678289" name="All files">
    <metrics statements="54" coveredstatements="45" conditionals="24" coveredconditionals="19" methods="30" coveredmethods="20" elements="108" coveredelements="84" complexity="0" loc="54" ncloc="54" packages="7" files="10" classes="10">
      <package name="src">
        <metrics statements="2" coveredstatements="2" conditionals="0" coveredconditionals="0" methods="1" coveredmethods="1"/>
        <file name="App.js" path="/Users/lusz/Desktop/Infomentum/web_app/little_zebra_foundation/src/App.js">
          <metrics statements="1" coveredstatements="1" conditionals="0" coveredconditionals="0" methods="1" coveredmethods="1"/>
          <line num="10" count="2" type="stmt"/>
        </file>
        <file name="initialState.js" path="/Users/lusz/Desktop/Infomentum/web_app/little_zebra_foundation/src/initialState.js">
          <metrics statements="1" coveredstatements="1" conditionals="0" coveredconditionals="0" methods="0" coveredmethods="0"/>
          <line num="3" count="2" type="stmt"/>
        </file>
      </package>
      <package name="src.actions">
        <metrics statements="10" coveredstatements="10" conditionals="0" coveredconditionals="0" methods="5" coveredmethods="5"/>
        <file name="actionTypes.js" path="/Users/lusz/Desktop/Infomentum/web_app/little_zebra_foundation/src/actions/actionTypes.js">
          <metrics statements="5" coveredstatements="5" conditionals="0" coveredconditionals="0" methods="0" coveredmethods="0"/>
          <line num="1" count="5" type="stmt"/>
          <line num="2" count="5" type="stmt"/>
          <line num="3" count="5" type="stmt"/>
          <line num="4" count="5" type="stmt"/>
          <line num="5" count="5" type="stmt"/>
        </file>
        <file name="index.js" path="/Users/lusz/Desktop/Infomentum/web_app/little_zebra_foundation/src/actions/index.js">
          <metrics statements="5" coveredstatements="5" conditionals="0" coveredconditionals="0" methods="5" coveredmethods="5"/>
          <line num="9" count="4" type="stmt"/>
          <line num="14" count="4" type="stmt"/>
          <line num="19" count="4" type="stmt"/>
          <line num="24" count="4" type="stmt"/>
          <line num="29" count="4" type="stmt"/>
        </file>
      </package>
      <package name="src.content">
        <metrics statements="1" coveredstatements="0" conditionals="0" coveredconditionals="0" methods="1" coveredmethods="0"/>
        <file name="Content.js" path="/Users/lusz/Desktop/Infomentum/web_app/little_zebra_foundation/src/content/Content.js">
          <metrics statements="1" coveredstatements="0" conditionals="0" coveredconditionals="0" methods="1" coveredmethods="0"/>
          <line num="6" count="0" type="stmt"/>
        </file>
      </package>
      <package name="src.footer">
        <metrics statements="1" coveredstatements="0" conditionals="0" coveredconditionals="0" methods="1" coveredmethods="0"/>
        <file name="Footer.js" path="/Users/lusz/Desktop/Infomentum/web_app/little_zebra_foundation/src/footer/Footer.js">
          <metrics statements="1" coveredstatements="0" conditionals="0" coveredconditionals="0" methods="1" coveredmethods="0"/>
          <line num="6" count="0" type="stmt"/>
        </file>
      </package>
      <package name="src.header">
        <metrics statements="6" coveredstatements="4" conditionals="2" coveredconditionals="1" methods="5" coveredmethods="2"/>
        <file name="Header.js" path="/Users/lusz/Desktop/Infomentum/web_app/little_zebra_foundation/src/header/Header.js">
          <metrics statements="6" coveredstatements="4" conditionals="2" coveredconditionals="1" methods="5" coveredmethods="2"/>
          <line num="11" count="1" type="stmt"/>
          <line num="15" count="1" type="stmt"/>
          <line num="46" count="3" type="stmt"/>
          <line num="47" count="0" type="stmt"/>
          <line num="53" count="3" type="stmt"/>
          <line num="54" count="0" type="stmt"/>
        </file>
      </package>
      <package name="src.reducers">
        <metrics statements="8" coveredstatements="8" conditionals="12" coveredconditionals="11" methods="1" coveredmethods="1"/>
        <file name="index.js" path="/Users/lusz/Desktop/Infomentum/web_app/little_zebra_foundation/src/reducers/index.js">
          <metrics statements="8" coveredstatements="8" conditionals="12" coveredconditionals="11" methods="1" coveredmethods="1"/>
          <line num="12" count="8" type="cond" truecount="6" falsecount="0"/>
          <line num="15" count="1" type="stmt"/>
          <line num="21" count="3" type="stmt"/>
          <line num="22" count="3" type="stmt"/>
          <line num="32" count="1" type="stmt"/>
          <line num="38" count="1" type="stmt"/>
          <line num="44" count="1" type="stmt"/>
          <line num="54" count="1" type="stmt"/>
        </file>
      </package>
      <package name="src.widget">
        <metrics statements="26" coveredstatements="21" conditionals="10" coveredconditionals="7" methods="16" coveredmethods="11"/>
        <file name="Widget.js" path="/Users/lusz/Desktop/Infomentum/web_app/little_zebra_foundation/src/widget/Widget.js">
          <metrics statements="25" coveredstatements="20" conditionals="10" coveredconditionals="7" methods="16" coveredmethods="11"/>
          <line num="16" count="1" type="stmt"/>
          <line num="20" count="1" type="stmt"/>
          <line num="21" count="1" type="stmt"/>
          <line num="22" count="1" type="stmt"/>
          <line num="26" count="1" type="stmt"/>
          <line num="27" count="1" type="stmt"/>
          <line num="28" count="1" type="cond" truecount="1" falsecount="1"/>
          <line num="32" count="0" type="stmt"/>
          <line num="36" count="82" type="stmt"/>
          <line num="37" count="82" type="cond" truecount="2" falsecount="0"/>
          <line num="41" count="16" type="stmt"/>
          <line num="42" count="16" type="cond" truecount="2" falsecount="0"/>
          <line num="46" count="1" type="stmt"/>
          <line num="47" count="1" type="stmt"/>
          <line num="51" count="13" type="stmt"/>
          <line num="52" count="13" type="stmt"/>
          <line num="73" count="39" type="stmt"/>
          <line num="117" count="3" type="stmt"/>
          <line num="118" count="2" type="stmt"/>
          <line num="127" count="3" type="stmt"/>
          <line num="128" count="0" type="stmt"/>
          <line num="129" count="0" type="stmt"/>
          <line num="130" count="0" type="stmt"/>
          <line num="131" count="0" type="stmt"/>
          <line num="132" count="1" type="stmt"/>
        </file>
        <file name="donationValues.js" path="/Users/lusz/Desktop/Infomentum/web_app/little_zebra_foundation/src/widget/donationValues.js">
          <metrics statements="1" coveredstatements="1" conditionals="0" coveredconditionals="0" methods="0" coveredmethods="0"/>
          <line num="1" count="4" type="stmt"/>
        </file>
      </package>
    </metrics>
  </project>
</coverage>
