{"/Users/lusz/Desktop/Infomentum/web_app/little_zebra_foundation/src/App.js": {"path":"/Users/lusz/Desktop/Infomentum/web_app/little_zebra_foundation/src/App.js","statementMap":{"0":{"start":{"line":10,"column":4},"end":{"line":17,"column":6}}},"fnMap":{"0":{"name":"(anonymous_0)","decl":{"start":{"line":9,"column":2},"end":{"line":9,"column":3}},"loc":{"start":{"line":9,"column":11},"end":{"line":18,"column":3}},"line":9}},"branchMap":{},"s":{"0":2},"f":{"0":2},"b":{},"_coverageSchema":"332fd63041d2c1bcb487cc26dd0d5f7d97098a6c","hash":"e09487d3a4652ded27519d35892282030f3840da"}
,"/Users/lusz/Desktop/Infomentum/web_app/little_zebra_foundation/src/initialState.js": {"path":"/Users/lusz/Desktop/Infomentum/web_app/little_zebra_foundation/src/initialState.js","statementMap":{"0":{"start":{"line":3,"column":28},"end":{"line":13,"column":1}}},"fnMap":{},"branchMap":{},"s":{"0":2},"f":{},"b":{},"_coverageSchema":"332fd63041d2c1bcb487cc26dd0d5f7d97098a6c","hash":"a0751cef4304231c474756156b72df7314a06cc4"}
,"/Users/lusz/Desktop/Infomentum/web_app/little_zebra_foundation/src/actions/actionTypes.js": {"path":"/Users/lusz/Desktop/Infomentum/web_app/little_zebra_foundation/src/actions/actionTypes.js","statementMap":{"0":{"start":{"line":1,"column":27},"end":{"line":1,"column":40}},"1":{"start":{"line":2,"column":34},"end":{"line":2,"column":54}},"2":{"start":{"line":3,"column":39},"end":{"line":3,"column":64}},"3":{"start":{"line":4,"column":44},"end":{"line":4,"column":74}},"4":{"start":{"line":5,"column":31},"end":{"line":5,"column":48}}},"fnMap":{},"branchMap":{},"s":{"0":5,"1":5,"2":5,"3":5,"4":5},"f":{},"b":{},"_coverageSchema":"332fd63041d2c1bcb487cc26dd0d5f7d97098a6c","hash":"170326a4e6cb1ef2e335bc80f971de47b53f058e"}
,"/Users/lusz/Desktop/Infomentum/web_app/little_zebra_foundation/src/actions/index.js": {"path":"/Users/lusz/Desktop/Infomentum/web_app/little_zebra_foundation/src/actions/index.js","statementMap":{"0":{"start":{"line":9,"column":32},"end":{"line":12,"column":2}},"1":{"start":{"line":9,"column":43},"end":{"line":12,"column":1}},"2":{"start":{"line":14,"column":33},"end":{"line":17,"column":2}},"3":{"start":{"line":14,"column":46},"end":{"line":17,"column":1}},"4":{"start":{"line":19,"column":37},"end":{"line":22,"column":2}},"5":{"start":{"line":19,"column":59},"end":{"line":22,"column":1}},"6":{"start":{"line":24,"column":41},"end":{"line":27,"column":2}},"7":{"start":{"line":24,"column":51},"end":{"line":27,"column":1}},"8":{"start":{"line":29,"column":30},"end":{"line":32,"column":2}},"9":{"start":{"line":29,"column":47},"end":{"line":32,"column":1}}},"fnMap":{"0":{"name":"(anonymous_0)","decl":{"start":{"line":9,"column":32},"end":{"line":9,"column":33}},"loc":{"start":{"line":9,"column":43},"end":{"line":12,"column":1}},"line":9},"1":{"name":"(anonymous_1)","decl":{"start":{"line":14,"column":33},"end":{"line":14,"column":34}},"loc":{"start":{"line":14,"column":46},"end":{"line":17,"column":1}},"line":14},"2":{"name":"(anonymous_2)","decl":{"start":{"line":19,"column":37},"end":{"line":19,"column":38}},"loc":{"start":{"line":19,"column":59},"end":{"line":22,"column":1}},"line":19},"3":{"name":"(anonymous_3)","decl":{"start":{"line":24,"column":41},"end":{"line":24,"column":42}},"loc":{"start":{"line":24,"column":51},"end":{"line":27,"column":1}},"line":24},"4":{"name":"(anonymous_4)","decl":{"start":{"line":29,"column":30},"end":{"line":29,"column":31}},"loc":{"start":{"line":29,"column":47},"end":{"line":32,"column":1}},"line":29}},"branchMap":{},"s":{"0":4,"1":2,"2":4,"3":2,"4":4,"5":1,"6":4,"7":1,"8":4,"9":2},"f":{"0":2,"1":2,"2":1,"3":1,"4":2},"b":{},"_coverageSchema":"332fd63041d2c1bcb487cc26dd0d5f7d97098a6c","hash":"13c76ab7bc8382b53b7ae04b5e71383d6538084e"}
,"/Users/lusz/Desktop/Infomentum/web_app/little_zebra_foundation/src/content/Content.js": {"path":"/Users/lusz/Desktop/Infomentum/web_app/little_zebra_foundation/src/content/Content.js","statementMap":{"0":{"start":{"line":6,"column":8},"end":{"line":28,"column":10}}},"fnMap":{"0":{"name":"(anonymous_0)","decl":{"start":{"line":5,"column":4},"end":{"line":5,"column":5}},"loc":{"start":{"line":5,"column":13},"end":{"line":29,"column":5}},"line":5}},"branchMap":{},"s":{"0":0},"f":{"0":0},"b":{},"_coverageSchema":"332fd63041d2c1bcb487cc26dd0d5f7d97098a6c","hash":"b5e28a2265fe5f537fa19dd1da9c415fc26a3ea6"}
,"/Users/lusz/Desktop/Infomentum/web_app/little_zebra_foundation/src/footer/Footer.js": {"path":"/Users/lusz/Desktop/Infomentum/web_app/little_zebra_foundation/src/footer/Footer.js","statementMap":{"0":{"start":{"line":6,"column":8},"end":{"line":40,"column":10}}},"fnMap":{"0":{"name":"(anonymous_0)","decl":{"start":{"line":5,"column":4},"end":{"line":5,"column":5}},"loc":{"start":{"line":5,"column":13},"end":{"line":41,"column":5}},"line":5}},"branchMap":{},"s":{"0":0},"f":{"0":0},"b":{},"_coverageSchema":"332fd63041d2c1bcb487cc26dd0d5f7d97098a6c","hash":"864c9d46131c5951a23ba1df3225ed65309f4e42"}
,"/Users/lusz/Desktop/Infomentum/web_app/little_zebra_foundation/src/header/Header.js": {"path":"/Users/lusz/Desktop/Infomentum/web_app/little_zebra_foundation/src/header/Header.js","statementMap":{"0":{"start":{"line":11,"column":8},"end":{"line":11,"column":58}},"1":{"start":{"line":15,"column":8},"end":{"line":42,"column":10}},"2":{"start":{"line":46,"column":24},"end":{"line":51,"column":1}},"3":{"start":{"line":47,"column":4},"end":{"line":50,"column":5}},"4":{"start":{"line":53,"column":27},"end":{"line":55,"column":2}},"5":{"start":{"line":53,"column":40},"end":{"line":55,"column":1}},"6":{"start":{"line":54,"column":29},"end":{"line":54,"column":60}}},"fnMap":{"0":{"name":"(anonymous_0)","decl":{"start":{"line":10,"column":24},"end":{"line":10,"column":25}},"loc":{"start":{"line":10,"column":30},"end":{"line":12,"column":5}},"line":10},"1":{"name":"(anonymous_1)","decl":{"start":{"line":14,"column":4},"end":{"line":14,"column":5}},"loc":{"start":{"line":14,"column":13},"end":{"line":43,"column":5}},"line":14},"2":{"name":"(anonymous_2)","decl":{"start":{"line":46,"column":24},"end":{"line":46,"column":25}},"loc":{"start":{"line":46,"column":33},"end":{"line":51,"column":1}},"line":46},"3":{"name":"(anonymous_3)","decl":{"start":{"line":53,"column":27},"end":{"line":53,"column":28}},"loc":{"start":{"line":53,"column":40},"end":{"line":55,"column":1}},"line":53},"4":{"name":"(anonymous_4)","decl":{"start":{"line":54,"column":20},"end":{"line":54,"column":21}},"loc":{"start":{"line":54,"column":29},"end":{"line":54,"column":60}},"line":54}},"branchMap":{"0":{"loc":{"start":{"line":37,"column":42},"end":{"line":37,"column":99}},"type":"cond-expr","locations":[{"start":{"line":37,"column":87},"end":{"line":37,"column":94}},{"start":{"line":37,"column":97},"end":{"line":37,"column":99}}],"line":37}},"s":{"0":1,"1":1,"2":3,"3":0,"4":3,"5":0,"6":0},"f":{"0":1,"1":1,"2":0,"3":0,"4":0},"b":{"0":[0,1]},"_coverageSchema":"332fd63041d2c1bcb487cc26dd0d5f7d97098a6c","hash":"146847cb73c9ee66a7a7e80029aed659ed772463"}
,"/Users/lusz/Desktop/Infomentum/web_app/little_zebra_foundation/src/reducers/index.js": {"path":"/Users/lusz/Desktop/Infomentum/web_app/little_zebra_foundation/src/reducers/index.js","statementMap":{"0":{"start":{"line":12,"column":4},"end":{"line":55,"column":5}},"1":{"start":{"line":15,"column":12},"end":{"line":18,"column":14}},"2":{"start":{"line":21,"column":40},"end":{"line":21,"column":55}},"3":{"start":{"line":22,"column":12},"end":{"line":29,"column":14}},"4":{"start":{"line":32,"column":12},"end":{"line":35,"column":14}},"5":{"start":{"line":38,"column":12},"end":{"line":41,"column":14}},"6":{"start":{"line":44,"column":12},"end":{"line":51,"column":14}},"7":{"start":{"line":54,"column":12},"end":{"line":54,"column":24}}},"fnMap":{"0":{"name":"editFormReducer","decl":{"start":{"line":11,"column":24},"end":{"line":11,"column":39}},"loc":{"start":{"line":11,"column":68},"end":{"line":56,"column":1}},"line":11}},"branchMap":{"0":{"loc":{"start":{"line":11,"column":40},"end":{"line":11,"column":58}},"type":"default-arg","locations":[{"start":{"line":11,"column":46},"end":{"line":11,"column":58}}],"line":11},"1":{"loc":{"start":{"line":12,"column":4},"end":{"line":55,"column":5}},"type":"switch","locations":[{"start":{"line":14,"column":8},"end":{"line":18,"column":14}},{"start":{"line":20,"column":8},"end":{"line":29,"column":14}},{"start":{"line":31,"column":8},"end":{"line":35,"column":14}},{"start":{"line":37,"column":8},"end":{"line":41,"column":14}},{"start":{"line":43,"column":8},"end":{"line":51,"column":14}},{"start":{"line":53,"column":8},"end":{"line":54,"column":24}}],"line":12},"2":{"loc":{"start":{"line":25,"column":27},"end":{"line":25,"column":60}},"type":"cond-expr","locations":[{"start":{"line":25,"column":42},"end":{"line":25,"column":55}},{"start":{"line":25,"column":58},"end":{"line":25,"column":60}}],"line":25},"3":{"loc":{"start":{"line":28,"column":49},"end":{"line":28,"column":128}},"type":"binary-expr","locations":[{"start":{"line":28,"column":49},"end":{"line":28,"column":95}},{"start":{"line":28,"column":99},"end":{"line":28,"column":111}},{"start":{"line":28,"column":115},"end":{"line":28,"column":128}}],"line":28}},"s":{"0":8,"1":1,"2":3,"3":3,"4":1,"5":1,"6":1,"7":1},"f":{"0":8},"b":{"0":[1],"1":[1,3,1,1,1,1],"2":[3,0],"3":[3,2,2]},"_coverageSchema":"332fd63041d2c1bcb487cc26dd0d5f7d97098a6c","hash":"e40bb5e1df46edea26e79615fd00b5204ac005ac"}
,"/Users/lusz/Desktop/Infomentum/web_app/little_zebra_foundation/src/widget/Widget.js": {"path":"/Users/lusz/Desktop/Infomentum/web_app/little_zebra_foundation/src/widget/Widget.js","statementMap":{"0":{"start":{"line":16,"column":8},"end":{"line":16,"column":56}},"1":{"start":{"line":20,"column":20},"end":{"line":20,"column":38}},"2":{"start":{"line":21,"column":8},"end":{"line":21,"column":75}},"3":{"start":{"line":22,"column":8},"end":{"line":22,"column":52}},"4":{"start":{"line":26,"column":20},"end":{"line":26,"column":38}},"5":{"start":{"line":27,"column":30},"end":{"line":27,"column":68}},"6":{"start":{"line":28,"column":8},"end":{"line":28,"column":116}},"7":{"start":{"line":32,"column":8},"end":{"line":32,"column":63}},"8":{"start":{"line":36,"column":36},"end":{"line":36,"column":55}},"9":{"start":{"line":37,"column":8},"end":{"line":37,"column":54}},"10":{"start":{"line":41,"column":36},"end":{"line":41,"column":55}},"11":{"start":{"line":42,"column":8},"end":{"line":42,"column":50}},"12":{"start":{"line":46,"column":8},"end":{"line":46,"column":31}},"13":{"start":{"line":47,"column":8},"end":{"line":47,"column":46}},"14":{"start":{"line":51,"column":20},"end":{"line":51,"column":30}},"15":{"start":{"line":52,"column":8},"end":{"line":113,"column":10}},"16":{"start":{"line":73,"column":36},"end":{"line":83,"column":37}},"17":{"start":{"line":117,"column":24},"end":{"line":125,"column":1}},"18":{"start":{"line":118,"column":4},"end":{"line":124,"column":5}},"19":{"start":{"line":127,"column":27},"end":{"line":133,"column":2}},"20":{"start":{"line":127,"column":40},"end":{"line":133,"column":1}},"21":{"start":{"line":128,"column":32},"end":{"line":128,"column":66}},"22":{"start":{"line":129,"column":35},"end":{"line":129,"column":72}},"23":{"start":{"line":130,"column":36},"end":{"line":130,"column":74}},"24":{"start":{"line":131,"column":40},"end":{"line":131,"column":82}},"25":{"start":{"line":132,"column":29},"end":{"line":132,"column":60}}},"fnMap":{"0":{"name":"(anonymous_0)","decl":{"start":{"line":15,"column":25},"end":{"line":15,"column":26}},"loc":{"start":{"line":15,"column":36},"end":{"line":17,"column":5}},"line":15},"1":{"name":"(anonymous_1)","decl":{"start":{"line":19,"column":27},"end":{"line":19,"column":28}},"loc":{"start":{"line":19,"column":36},"end":{"line":23,"column":5}},"line":19},"2":{"name":"(anonymous_2)","decl":{"start":{"line":25,"column":24},"end":{"line":25,"column":25}},"loc":{"start":{"line":25,"column":33},"end":{"line":29,"column":5}},"line":25},"3":{"name":"(anonymous_3)","decl":{"start":{"line":31,"column":27},"end":{"line":31,"column":28}},"loc":{"start":{"line":31,"column":36},"end":{"line":33,"column":5}},"line":31},"4":{"name":"(anonymous_4)","decl":{"start":{"line":35,"column":25},"end":{"line":35,"column":26}},"loc":{"start":{"line":35,"column":39},"end":{"line":38,"column":5}},"line":35},"5":{"name":"(anonymous_5)","decl":{"start":{"line":40,"column":24},"end":{"line":40,"column":25}},"loc":{"start":{"line":40,"column":30},"end":{"line":43,"column":5}},"line":40},"6":{"name":"(anonymous_6)","decl":{"start":{"line":45,"column":19},"end":{"line":45,"column":20}},"loc":{"start":{"line":45,"column":28},"end":{"line":48,"column":5}},"line":45},"7":{"name":"(anonymous_7)","decl":{"start":{"line":50,"column":4},"end":{"line":50,"column":5}},"loc":{"start":{"line":50,"column":13},"end":{"line":114,"column":5}},"line":50},"8":{"name":"(anonymous_8)","decl":{"start":{"line":72,"column":61},"end":{"line":72,"column":62}},"loc":{"start":{"line":72,"column":70},"end":{"line":84,"column":33}},"line":72},"9":{"name":"(anonymous_9)","decl":{"start":{"line":117,"column":24},"end":{"line":117,"column":25}},"loc":{"start":{"line":117,"column":33},"end":{"line":125,"column":1}},"line":117},"10":{"name":"(anonymous_10)","decl":{"start":{"line":127,"column":27},"end":{"line":127,"column":28}},"loc":{"start":{"line":127,"column":40},"end":{"line":133,"column":1}},"line":127},"11":{"name":"(anonymous_11)","decl":{"start":{"line":128,"column":22},"end":{"line":128,"column":23}},"loc":{"start":{"line":128,"column":32},"end":{"line":128,"column":66}},"line":128},"12":{"name":"(anonymous_12)","decl":{"start":{"line":129,"column":23},"end":{"line":129,"column":24}},"loc":{"start":{"line":129,"column":35},"end":{"line":129,"column":72}},"line":129},"13":{"name":"(anonymous_13)","decl":{"start":{"line":130,"column":27},"end":{"line":130,"column":28}},"loc":{"start":{"line":130,"column":36},"end":{"line":130,"column":74}},"line":130},"14":{"name":"(anonymous_14)","decl":{"start":{"line":131,"column":31},"end":{"line":131,"column":32}},"loc":{"start":{"line":131,"column":40},"end":{"line":131,"column":82}},"line":131},"15":{"name":"(anonymous_15)","decl":{"start":{"line":132,"column":20},"end":{"line":132,"column":21}},"loc":{"start":{"line":132,"column":29},"end":{"line":132,"column":60}},"line":132}},"branchMap":{"0":{"loc":{"start":{"line":28,"column":45},"end":{"line":28,"column":84}},"type":"cond-expr","locations":[{"start":{"line":28,"column":61},"end":{"line":28,"column":76}},{"start":{"line":28,"column":79},"end":{"line":28,"column":84}}],"line":28},"1":{"loc":{"start":{"line":37,"column":15},"end":{"line":37,"column":53}},"type":"binary-expr","locations":[{"start":{"line":37,"column":15},"end":{"line":37,"column":35}},{"start":{"line":37,"column":39},"end":{"line":37,"column":53}}],"line":37},"2":{"loc":{"start":{"line":42,"column":15},"end":{"line":42,"column":49}},"type":"cond-expr","locations":[{"start":{"line":42,"column":31},"end":{"line":42,"column":44}},{"start":{"line":42,"column":47},"end":{"line":42,"column":49}}],"line":42},"3":{"loc":{"start":{"line":86,"column":50},"end":{"line":86,"column":157}},"type":"cond-expr","locations":[{"start":{"line":86,"column":90},"end":{"line":86,"column":125}},{"start":{"line":86,"column":128},"end":{"line":86,"column":157}}],"line":86},"4":{"loc":{"start":{"line":103,"column":46},"end":{"line":103,"column":103}},"type":"cond-expr","locations":[{"start":{"line":103,"column":86},"end":{"line":103,"column":97}},{"start":{"line":103,"column":98},"end":{"line":103,"column":103}}],"line":103}},"s":{"0":1,"1":1,"2":1,"3":1,"4":1,"5":1,"6":1,"7":0,"8":82,"9":82,"10":16,"11":16,"12":1,"13":1,"14":13,"15":13,"16":39,"17":3,"18":2,"19":3,"20":2,"21":0,"22":0,"23":0,"24":0,"25":1},"f":{"0":1,"1":1,"2":1,"3":0,"4":82,"5":16,"6":1,"7":13,"8":39,"9":2,"10":2,"11":0,"12":0,"13":0,"14":0,"15":1},"b":{"0":[0,1],"1":[82,26],"2":[9,7],"3":[0,13],"4":[0,13]},"_coverageSchema":"332fd63041d2c1bcb487cc26dd0d5f7d97098a6c","hash":"284504da01e9c1f48d01c79bd87895dee25e0e54"}
,"/Users/lusz/Desktop/Infomentum/web_app/little_zebra_foundation/src/widget/donationValues.js": {"path":"/Users/lusz/Desktop/Infomentum/web_app/little_zebra_foundation/src/widget/donationValues.js","statementMap":{"0":{"start":{"line":1,"column":31},"end":{"line":5,"column":1}}},"fnMap":{},"branchMap":{},"s":{"0":4},"f":{},"b":{},"_coverageSchema":"332fd63041d2c1bcb487cc26dd0d5f7d97098a6c","hash":"fb820206348aef05e064ffc378c0e5c04d02d3cb"}
}
