TN:
SF:/Users/lusz/Desktop/Infomentum/web_app/little_zebra_foundation/src/App.js
FN:9,(anonymous_0)
FNF:1
FNH:1
FNDA:2,(anonymous_0)
DA:10,2
LF:1
LH:1
BRF:0
BRH:0
end_of_record
TN:
SF:/Users/lusz/Desktop/Infomentum/web_app/little_zebra_foundation/src/initialState.js
FNF:0
FNH:0
DA:3,2
LF:1
LH:1
BRF:0
BRH:0
end_of_record
TN:
SF:/Users/lusz/Desktop/Infomentum/web_app/little_zebra_foundation/src/actions/actionTypes.js
FNF:0
FNH:0
DA:1,5
DA:2,5
DA:3,5
DA:4,5
DA:5,5
LF:5
LH:5
BRF:0
BRH:0
end_of_record
TN:
SF:/Users/lusz/Desktop/Infomentum/web_app/little_zebra_foundation/src/actions/index.js
FN:9,(anonymous_0)
FN:14,(anonymous_1)
FN:19,(anonymous_2)
FN:24,(anonymous_3)
FN:29,(anonymous_4)
FNF:5
FNH:5
FNDA:2,(anonymous_0)
FNDA:2,(anonymous_1)
FNDA:1,(anonymous_2)
FNDA:1,(anonymous_3)
FNDA:2,(anonymous_4)
DA:9,4
DA:14,4
DA:19,4
DA:24,4
DA:29,4
LF:5
LH:5
BRF:0
BRH:0
end_of_record
TN:
SF:/Users/lusz/Desktop/Infomentum/web_app/little_zebra_foundation/src/content/Content.js
FN:5,(anonymous_0)
FNF:1
FNH:0
FNDA:0,(anonymous_0)
DA:6,0
LF:1
LH:0
BRF:0
BRH:0
end_of_record
TN:
SF:/Users/lusz/Desktop/Infomentum/web_app/little_zebra_foundation/src/footer/Footer.js
FN:5,(anonymous_0)
FNF:1
FNH:0
FNDA:0,(anonymous_0)
DA:6,0
LF:1
LH:0
BRF:0
BRH:0
end_of_record
TN:
SF:/Users/lusz/Desktop/Infomentum/web_app/little_zebra_foundation/src/header/Header.js
FN:10,(anonymous_0)
FN:14,(anonymous_1)
FN:46,(anonymous_2)
FN:53,(anonymous_3)
FN:54,(anonymous_4)
FNF:5
FNH:2
FNDA:1,(anonymous_0)
FNDA:1,(anonymous_1)
FNDA:0,(anonymous_2)
FNDA:0,(anonymous_3)
FNDA:0,(anonymous_4)
DA:11,1
DA:15,1
DA:46,3
DA:47,0
DA:53,3
DA:54,0
LF:6
LH:4
BRDA:37,0,0,0
BRDA:37,0,1,1
BRF:2
BRH:1
end_of_record
TN:
SF:/Users/lusz/Desktop/Infomentum/web_app/little_zebra_foundation/src/reducers/index.js
FN:11,editFormReducer
FNF:1
FNH:1
FNDA:8,editFormReducer
DA:12,8
DA:15,1
DA:21,3
DA:22,3
DA:32,1
DA:38,1
DA:44,1
DA:54,1
LF:8
LH:8
BRDA:11,0,0,1
BRDA:12,1,0,1
BRDA:12,1,1,3
BRDA:12,1,2,1
BRDA:12,1,3,1
BRDA:12,1,4,1
BRDA:12,1,5,1
BRDA:25,2,0,3
BRDA:25,2,1,0
BRDA:28,3,0,3
BRDA:28,3,1,2
BRDA:28,3,2,2
BRF:12
BRH:11
end_of_record
TN:
SF:/Users/lusz/Desktop/Infomentum/web_app/little_zebra_foundation/src/widget/Widget.js
FN:15,(anonymous_0)
FN:19,(anonymous_1)
FN:25,(anonymous_2)
FN:31,(anonymous_3)
FN:35,(anonymous_4)
FN:40,(anonymous_5)
FN:45,(anonymous_6)
FN:50,(anonymous_7)
FN:72,(anonymous_8)
FN:117,(anonymous_9)
FN:127,(anonymous_10)
FN:128,(anonymous_11)
FN:129,(anonymous_12)
FN:130,(anonymous_13)
FN:131,(anonymous_14)
FN:132,(anonymous_15)
FNF:16
FNH:11
FNDA:1,(anonymous_0)
FNDA:1,(anonymous_1)
FNDA:1,(anonymous_2)
FNDA:0,(anonymous_3)
FNDA:82,(anonymous_4)
FNDA:16,(anonymous_5)
FNDA:1,(anonymous_6)
FNDA:13,(anonymous_7)
FNDA:39,(anonymous_8)
FNDA:2,(anonymous_9)
FNDA:2,(anonymous_10)
FNDA:0,(anonymous_11)
FNDA:0,(anonymous_12)
FNDA:0,(anonymous_13)
FNDA:0,(anonymous_14)
FNDA:1,(anonymous_15)
DA:16,1
DA:20,1
DA:21,1
DA:22,1
DA:26,1
DA:27,1
DA:28,1
DA:32,0
DA:36,82
DA:37,82
DA:41,16
DA:42,16
DA:46,1
DA:47,1
DA:51,13
DA:52,13
DA:73,39
DA:117,3
DA:118,2
DA:127,3
DA:128,0
DA:129,0
DA:130,0
DA:131,0
DA:132,1
LF:25
LH:20
BRDA:28,0,0,0
BRDA:28,0,1,1
BRDA:37,1,0,82
BRDA:37,1,1,26
BRDA:42,2,0,9
BRDA:42,2,1,7
BRDA:86,3,0,0
BRDA:86,3,1,13
BRDA:103,4,0,0
BRDA:103,4,1,13
BRF:10
BRH:7
end_of_record
TN:
SF:/Users/lusz/Desktop/Infomentum/web_app/little_zebra_foundation/src/widget/donationValues.js
FNF:0
FNH:0
DA:1,4
LF:1
LH:1
BRF:0
BRH:0
end_of_record
